<?xml version="1.0" encoding="UTF-8"?>
<!-- Generated by org.testng.reporters.JUnitReportReporter -->
<testsuite hostname="Kanna-PC" name="gitHubTest.GitHubTest" tests="1" failures="0" timestamp="2 Jun 2019 06:39:51 GMT" time="17.843" errors="0">
  <testcase name="loginTest" time="17.843" classname="gitHubTest.GitHubTest"/>
</testsuite> <!-- gitHubTest.GitHubTest -->
